sandbox-ui/build/outputs/logs/manifest-merger-release-report.txt
-- Merging decision tree log ---
manifest
ADDED from ProcessLibraryManifest\release\tempAndroidManifest15442518555929859684.xml:2:13-83
INJECTED from ProcessLibraryManifest\release\tempAndroidManifest15442518555929859684.xml:2:13-83
	package
		INJECTED from ProcessLibraryManifest\release\tempAndroidManifest15442518555929859684.xml
	xmlns:android
		ADDED from ProcessLibraryManifest\release\tempAndroidManifest15442518555929859684.xml:2:23-81
uses-sdk
INJECTED from ProcessLibraryManifest\release\tempAndroidManifest15442518555929859684.xml reason: use-sdk injection requested
INJECTED from ProcessLibraryManifest\release\tempAndroidManifest15442518555929859684.xml
INJECTED from ProcessLibraryManifest\release\tempAndroidManifest15442518555929859684.xml
	android:targetSdkVersion
		INJECTED from ProcessLibraryManifest\release\tempAndroidManifest15442518555929859684.xml
	android:minSdkVersion
		INJECTED from ProcessLibraryManifest\release\tempAndroidManifest15442518555929859684.xml